build/app/outputs/mapping/release/mapping.txt
# compiler: R8
# compiler_version: 1.5.64
# min_api: 16
# pg_map_id: 05b15e0
...
com.google.android.gms.internal.firebase-auth-api.zzjq -> b.b.a.a.f.e.lb:
    com.google.android.gms.internal.firebase-auth-api.zzjo zza -> a
    com.google.android.gms.internal.firebase-auth-api.zzjo zzb -> b
    byte[] zza(byte[],byte[]) -> a
    com.google.android.gms.internal.firebase-auth-api.zzjo zzc(byte[],int) -> a
    byte[] zzd(java.nio.ByteBuffer,byte[]) -> a
    byte[] zzb(byte[],byte[]) -> b
com.google.android.gms.internal.firebase-auth-api.zzjr -> b.b.a.a.f.e.mb:
    int zza() -> a
    com.google.android.gms.internal.firebase-auth-api.zzag zzb(byte[]) -> a
com.google.android.gms.internal.firebase-auth-api.zzjs -> b.b.a.a.f.e.nb:
    com.google.android.gms.internal.firebase-auth-api.zzju zzc -> b
    int zzg -> f
    byte[] zza -> g
    java.lang.String zzd -> c
    byte[] zze -> d
    com.google.android.gms.internal.firebase-auth-api.zzjr zzf -> e
    java.security.interfaces.ECPrivateKey zzb -> a
    byte[] zza(byte[],byte[]) -> a
com.google.android.gms.internal.firebase-auth-api.zzjt -> b.b.a.a.f.e.ob:
com.google.android.gms.internal.firebase-auth-api.zzju -> b.b.a.a.f.e.pb:
    java.security.interfaces.ECPrivateKey zza -> a
    byte[] zza(byte[],java.lang.String,byte[],byte[],int,int) -> a
com.google.android.gms.internal.firebase-auth-api.zzjv -> b.b.a.a.f.e.qb:
com.google.android.gms.internal.firebase-auth-api.zzjw -> b.b.a.a.f.e.rb:
    void zza(java.security.spec.ECPoint,java.security.spec.EllipticCurve) -> a
    java.math.BigInteger zzb(java.security.spec.EllipticCurve) -> a
    java.math.BigInteger zzd(java.math.BigInteger,boolean,java.security.spec.EllipticCurve) -> a
    java.security.spec.ECParameterSpec zze(int) -> a
    java.security.interfaces.ECPublicKey zzf(int,byte[],byte[]) -> a
    java.security.spec.ECParameterSpec zzg(java.lang.String,java.lang.String,java.lang.String,java.lang.String,java.lang.String) -> a
    int zzc(java.security.spec.EllipticCurve) -> b
com.google.android.gms.internal.firebase-auth-api.zzjx -> b.b.a.a.f.e.sb:
    com.google.android.gms.internal.firebase-auth-api.zzay zzb -> b
    com.google.android.gms.internal.firebase-auth-api.zzki zza -> a
    int zzc -> c
    byte[] zza(byte[],byte[]) -> a
    byte[] zzb(byte[],byte[]) -> b
com.google.android.gms.internal.firebase-auth-api.zzjy -> b.b.a.a.f.e.tb:
    com.google.android.gms.internal.firebase-auth-api.zzjy zzg -> i
    java.util.List zzk -> b
    com.google.android.gms.internal.firebase-auth-api.zzjy zzf -> h
    com.google.android.gms.internal.firebase-auth-api.zzjy zza -> e
    com.google.android.gms.internal.firebase-auth-api.zzkg zzj -> a
    java.util.List zzi -> d
    com.google.android.gms.internal.firebase-auth-api.zzjy zze -> g
    com.google.android.gms.internal.firebase-auth-api.zzjy zzb -> f
    java.util.logging.Logger zzh -> c
    java.lang.Object zza(java.lang.String) -> a
com.google.android.gms.internal.firebase-auth-api.zzjz -> b.b.a.a.f.e.ub:
    java.lang.Object zza(java.lang.String,java.security.Provider) -> a
com.google.android.gms.internal.firebase-auth-api.zzk -> b.b.a.a.f.e.vb:
    boolean zza(char) -> a
com.google.android.gms.internal.firebase-auth-api.zzka -> b.b.a.a.f.e.wb:
    java.lang.Object zza(java.lang.String,java.security.Provider) -> a
com.google.android.gms.internal.firebase-auth-api.zzkb -> b.b.a.a.f.e.xb:
    java.lang.Object zza(java.lang.String,java.security.Provider) -> a
com.google.android.gms.internal.firebase-auth-api.zzkc -> b.b.a.a.f.e.yb:
    java.lang.Object zza(java.lang.String,java.security.Provider) -> a
com.google.android.gms.internal.firebase-auth-api.zzkd -> b.b.a.a.f.e.zb:
    java.lang.Object zza(java.lang.String,java.security.Provider) -> a
com.google.android.gms.internal.firebase-auth-api.zzke -> b.b.a.a.f.e.ac:
    java.lang.Object zza(java.lang.String,java.security.Provider) -> a
com.google.android.gms.internal.firebase-auth-api.zzkf -> b.b.a.a.f.e.bc:
    java.lang.Object zza(java.lang.String,java.security.Provider) -> a